INFO:Participant#4:Recovering. 0 transactions read from log.
INFO:Participant#4:BEGAN new transaction 1.
INFO:Participant#4:EXECUTE (CREATE TABLE IF NOT EXISTS ThermometerObservation (
          id varchar(255) NOT NULL,
          temperature integer DEFAULT NULL,
          timeStamp timestamp NOT NULL,
          sensor_id varchar(255) DEFAULT NULL,
          PRIMARY KEY (id)
        )) for transaction 1 in database.
INFO:Participant#4:The request was sent by the client at 1745635139.865998. Done at 1745635139.868647. Total time = 0.002649068832397461 (in seconds).
INFO:Participant#4:Current transaction id is 1 with status BEGUN.
INFO:Participant#4:Sent PREPARE COMMIT 1 to coordinator.
INFO:Participant#4:COMMITTED 1 into database.
INFO:Participant#4:Sent DONE to coordinator.
INFO:Participant#4:BEGAN new transaction 2.
INFO:Participant#4:EXECUTE (INSERT INTO thermometerobservation (id, temperature, timestamp, sensor_id) VALUES ('thermo_001', 22, '2025-04-20 10:15:00', 'sensor_a')) for transaction 2 in database.
INFO:Participant#4:The request was sent by the client at 1745635139.928283. Done at 1745635139.929679. Total time = 0.0013959407806396484 (in seconds).
INFO:Participant#4:Current transaction id is 2 with status BEGUN.
INFO:Participant#4:Sent PREPARE COMMIT 2 to coordinator.
INFO:Participant#4:COMMITTED 2 into database.
INFO:Participant#4:Sent DONE to coordinator.
INFO:Participant#4:BEGAN new transaction 3.
INFO:Participant#4:EXECUTE (INSERT INTO thermometerobservation (id, temperature, timestamp, sensor_id) VALUES ('thermo_002', 19, '2025-04-20 10:20:00', 'sensor_b')) for transaction 3 in database.
INFO:Participant#4:The request was sent by the client at 1745635140.959937. Done at 1745635140.961283. Total time = 0.0013458728790283203 (in seconds).
INFO:Participant#4:Current transaction id is 3 with status BEGUN.
INFO:Participant#4:Sent PREPARE COMMIT 3 to coordinator.
INFO:Participant#4:COMMITTED 3 into database.
INFO:Participant#4:Sent DONE to coordinator.
INFO:Participant#4:BEGAN new transaction 4.
INFO:Participant#4:EXECUTE (INSERT INTO thermometerobservation (id, temperature, timestamp, sensor_id) VALUES ('thermo_003', 25, '2025-04-20 10:25:00', 'sensor_c')) for transaction 4 in database.
INFO:Participant#4:The request was sent by the client at 1745635141.989959. Done at 1745635141.991314. Total time = 0.0013549327850341797 (in seconds).
INFO:Participant#4:Current transaction id is 4 with status BEGUN.
INFO:Participant#4:Sent PREPARE COMMIT 4 to coordinator.
INFO:Participant#4:COMMITTED 4 into database.
INFO:Participant#4:Sent DONE to coordinator.
INFO:Participant#4:BEGAN new transaction 5.
INFO:Participant#4:EXECUTE (INSERT INTO thermometerobservation (id, temperature, timestamp, sensor_id) VALUES ('thermo_004', 21, '2025-04-20 10:30:00', 'sensor_d')) for transaction 5 in database.
INFO:Participant#4:The request was sent by the client at 1745635143.019938. Done at 1745635143.021201. Total time = 0.0012629032135009766 (in seconds).
INFO:Participant#4:Current transaction id is 5 with status BEGUN.
INFO:Participant#4:Sent PREPARE COMMIT 5 to coordinator.
INFO:Participant#4:COMMITTED 5 into database.
INFO:Participant#4:Sent DONE to coordinator.
INFO:Participant#4:BEGAN new transaction 6.
INFO:Participant#4:EXECUTE (INSERT INTO thermometerobservation (id, temperature, timestamp, sensor_id) VALUES ('thermo_005', 18, '2025-04-20 10:35:00', 'sensor_e')) for transaction 6 in database.
INFO:Participant#4:The request was sent by the client at 1745635144.049783. Done at 1745635144.051133. Total time = 0.0013499259948730469 (in seconds).
INFO:Participant#4:Current transaction id is 6 with status BEGUN.
INFO:Participant#4:Sent PREPARE COMMIT 6 to coordinator.
INFO:Participant#4:COMMITTED 6 into database.
INFO:Participant#4:Sent DONE to coordinator.
INFO:Participant#4:BEGAN new transaction 7.
INFO:Participant#4:EXECUTE (INSERT INTO thermometerobservation (id, temperature, timestamp, sensor_id) VALUES ('thermo_006', 23, '2025-04-20 10:40:00', 'sensor_f')) for transaction 7 in database.
INFO:Participant#4:The request was sent by the client at 1745635145.081063. Done at 1745635145.082317. Total time = 0.0012540817260742188 (in seconds).
INFO:Participant#4:Current transaction id is 7 with status BEGUN.
INFO:Participant#4:Sent PREPARE COMMIT 7 to coordinator.
INFO:Participant#4:COMMITTED 7 into database.
INFO:Participant#4:Sent DONE to coordinator.
INFO:Participant#4:BEGAN new transaction 8.
INFO:Participant#4:EXECUTE (INSERT INTO thermometerobservation (id, temperature, timestamp, sensor_id) VALUES ('thermo_007', 20, '2025-04-20 10:45:00', 'sensor_g')) for transaction 8 in database.
INFO:Participant#4:The request was sent by the client at 1745635146.11273. Done at 1745635146.11411. Total time = 0.0013799667358398438 (in seconds).
INFO:Participant#4:Current transaction id is 8 with status BEGUN.
INFO:Participant#4:Sent PREPARE COMMIT 8 to coordinator.
INFO:Participant#4:COMMITTED 8 into database.
INFO:Participant#4:Sent DONE to coordinator.
INFO:Participant#4:BEGAN new transaction 9.
INFO:Participant#4:EXECUTE (INSERT INTO thermometerobservation (id, temperature, timestamp, sensor_id) VALUES ('thermo_008', 24, '2025-04-20 10:50:00', 'sensor_h')) for transaction 9 in database.
INFO:Participant#4:The request was sent by the client at 1745635147.146299. Done at 1745635147.147673. Total time = 0.0013740062713623047 (in seconds).
INFO:Participant#4:Current transaction id is 9 with status BEGUN.
INFO:Participant#4:Sent PREPARE COMMIT 9 to coordinator.
INFO:Participant#4:COMMITTED 9 into database.
INFO:Participant#4:Sent DONE to coordinator.
INFO:Participant#4:BEGAN new transaction 10.
INFO:Participant#4:EXECUTE (INSERT INTO thermometerobservation (id, temperature, timestamp, sensor_id) VALUES ('thermo_009', 26, '2025-04-20 10:55:00', 'sensor_i')) for transaction 10 in database.
INFO:Participant#4:The request was sent by the client at 1745635148.178867. Done at 1745635148.180284. Total time = 0.001416921615600586 (in seconds).
INFO:Participant#4:Current transaction id is 10 with status BEGUN.
INFO:Participant#4:Sent PREPARE COMMIT 10 to coordinator.
INFO:Participant#4:COMMITTED 10 into database.
INFO:Participant#4:Sent DONE to coordinator.
INFO:Participant#4:BEGAN new transaction 11.
INFO:Participant#4:EXECUTE (INSERT INTO thermometerobservation (id, temperature, timestamp, sensor_id) VALUES ('thermo_010', 17, '2025-04-20 11:00:00', 'sensor_j')) for transaction 11 in database.
INFO:Participant#4:The request was sent by the client at 1745635149.216122. Done at 1745635149.217538. Total time = 0.0014162063598632812 (in seconds).
INFO:Participant#4:Current transaction id is 11 with status BEGUN.
INFO:Participant#4:Sent PREPARE COMMIT 11 to coordinator.
INFO:Participant#4:COMMITTED 11 into database.
INFO:Participant#4:Sent DONE to coordinator.
