INFO:Participant#7:Recovering. 0 transactions read from log.
INFO:Participant#7:BEGAN new transaction 1.
INFO:Participant#7:EXECUTE (CREATE TABLE IF NOT EXISTS ThermometerObservation (
          id varchar(255) NOT NULL,
          temperature integer DEFAULT NULL,
          timeStamp timestamp NOT NULL,
          sensor_id varchar(255) DEFAULT NULL,
          PRIMARY KEY (id)
        )) for transaction 1 in database.
INFO:Participant#7:The request was sent by the client at 1745635139.87644. Done at 1745635139.878913. Total time = 0.0024728775024414062 (in seconds).
INFO:Participant#7:Current transaction id is 1 with status BEGUN.
INFO:Participant#7:Sent PREPARE COMMIT 1 to coordinator.
INFO:Participant#7:COMMITTED 1 into database.
INFO:Participant#7:Sent DONE to coordinator.
INFO:Participant#7:BEGAN new transaction 2.
INFO:Participant#7:EXECUTE (INSERT INTO thermometerobservation (id, temperature, timestamp, sensor_id) VALUES ('thermo_001', 22, '2025-04-20 10:15:00', 'sensor_a')) for transaction 2 in database.
INFO:Participant#7:The request was sent by the client at 1745635139.934162. Done at 1745635139.935544. Total time = 0.0013821125030517578 (in seconds).
INFO:Participant#7:Current transaction id is 2 with status BEGUN.
INFO:Participant#7:Sent PREPARE COMMIT 2 to coordinator.
INFO:Participant#7:COMMITTED 2 into database.
INFO:Participant#7:Sent DONE to coordinator.
INFO:Participant#7:BEGAN new transaction 3.
INFO:Participant#7:EXECUTE (INSERT INTO thermometerobservation (id, temperature, timestamp, sensor_id) VALUES ('thermo_002', 19, '2025-04-20 10:20:00', 'sensor_b')) for transaction 3 in database.
INFO:Participant#7:The request was sent by the client at 1745635140.965059. Done at 1745635140.966416. Total time = 0.0013568401336669922 (in seconds).
INFO:Participant#7:Current transaction id is 3 with status BEGUN.
INFO:Participant#7:Sent PREPARE COMMIT 3 to coordinator.
INFO:Participant#7:COMMITTED 3 into database.
INFO:Participant#7:Sent DONE to coordinator.
INFO:Participant#7:BEGAN new transaction 4.
INFO:Participant#7:EXECUTE (INSERT INTO thermometerobservation (id, temperature, timestamp, sensor_id) VALUES ('thermo_003', 25, '2025-04-20 10:25:00', 'sensor_c')) for transaction 4 in database.
INFO:Participant#7:The request was sent by the client at 1745635141.995268. Done at 1745635141.996841. Total time = 0.0015728473663330078 (in seconds).
INFO:Participant#7:Current transaction id is 4 with status BEGUN.
INFO:Participant#7:Sent PREPARE COMMIT 4 to coordinator.
INFO:Participant#7:COMMITTED 4 into database.
INFO:Participant#7:Sent DONE to coordinator.
INFO:Participant#7:BEGAN new transaction 5.
INFO:Participant#7:EXECUTE (INSERT INTO thermometerobservation (id, temperature, timestamp, sensor_id) VALUES ('thermo_004', 21, '2025-04-20 10:30:00', 'sensor_d')) for transaction 5 in database.
INFO:Participant#7:The request was sent by the client at 1745635143.024984. Done at 1745635143.02646. Total time = 0.0014760494232177734 (in seconds).
INFO:Participant#7:Current transaction id is 5 with status BEGUN.
INFO:Participant#7:Sent PREPARE COMMIT 5 to coordinator.
INFO:Participant#7:COMMITTED 5 into database.
INFO:Participant#7:Sent DONE to coordinator.
INFO:Participant#7:BEGAN new transaction 6.
INFO:Participant#7:EXECUTE (INSERT INTO thermometerobservation (id, temperature, timestamp, sensor_id) VALUES ('thermo_005', 18, '2025-04-20 10:35:00', 'sensor_e')) for transaction 6 in database.
INFO:Participant#7:The request was sent by the client at 1745635144.054919. Done at 1745635144.056333. Total time = 0.0014140605926513672 (in seconds).
INFO:Participant#7:Current transaction id is 6 with status BEGUN.
INFO:Participant#7:Sent PREPARE COMMIT 6 to coordinator.
INFO:Participant#7:COMMITTED 6 into database.
INFO:Participant#7:Sent DONE to coordinator.
INFO:Participant#7:BEGAN new transaction 7.
INFO:Participant#7:EXECUTE (INSERT INTO thermometerobservation (id, temperature, timestamp, sensor_id) VALUES ('thermo_006', 23, '2025-04-20 10:40:00', 'sensor_f')) for transaction 7 in database.
INFO:Participant#7:The request was sent by the client at 1745635145.086093. Done at 1745635145.087467. Total time = 0.0013740062713623047 (in seconds).
INFO:Participant#7:Current transaction id is 7 with status BEGUN.
INFO:Participant#7:Sent PREPARE COMMIT 7 to coordinator.
INFO:Participant#7:COMMITTED 7 into database.
INFO:Participant#7:Sent DONE to coordinator.
INFO:Participant#7:BEGAN new transaction 8.
INFO:Participant#7:EXECUTE (INSERT INTO thermometerobservation (id, temperature, timestamp, sensor_id) VALUES ('thermo_007', 20, '2025-04-20 10:45:00', 'sensor_g')) for transaction 8 in database.
INFO:Participant#7:The request was sent by the client at 1745635146.118154. Done at 1745635146.119656. Total time = 0.0015020370483398438 (in seconds).
INFO:Participant#7:Current transaction id is 8 with status BEGUN.
INFO:Participant#7:Sent PREPARE COMMIT 8 to coordinator.
INFO:Participant#7:COMMITTED 8 into database.
INFO:Participant#7:Sent DONE to coordinator.
INFO:Participant#7:BEGAN new transaction 9.
INFO:Participant#7:EXECUTE (INSERT INTO thermometerobservation (id, temperature, timestamp, sensor_id) VALUES ('thermo_008', 24, '2025-04-20 10:50:00', 'sensor_h')) for transaction 9 in database.
INFO:Participant#7:The request was sent by the client at 1745635147.151449. Done at 1745635147.1528. Total time = 0.0013511180877685547 (in seconds).
INFO:Participant#7:Current transaction id is 9 with status BEGUN.
INFO:Participant#7:Sent PREPARE COMMIT 9 to coordinator.
INFO:Participant#7:COMMITTED 9 into database.
INFO:Participant#7:Sent DONE to coordinator.
INFO:Participant#7:BEGAN new transaction 10.
INFO:Participant#7:EXECUTE (INSERT INTO thermometerobservation (id, temperature, timestamp, sensor_id) VALUES ('thermo_009', 26, '2025-04-20 10:55:00', 'sensor_i')) for transaction 10 in database.
INFO:Participant#7:The request was sent by the client at 1745635148.184317. Done at 1745635148.185658. Total time = 0.0013408660888671875 (in seconds).
INFO:Participant#7:Current transaction id is 10 with status BEGUN.
INFO:Participant#7:Sent PREPARE COMMIT 10 to coordinator.
INFO:Participant#7:COMMITTED 10 into database.
INFO:Participant#7:Sent DONE to coordinator.
INFO:Participant#7:BEGAN new transaction 11.
INFO:Participant#7:EXECUTE (INSERT INTO thermometerobservation (id, temperature, timestamp, sensor_id) VALUES ('thermo_010', 17, '2025-04-20 11:00:00', 'sensor_j')) for transaction 11 in database.
INFO:Participant#7:The request was sent by the client at 1745635149.221632. Done at 1745635149.222893. Total time = 0.001260995864868164 (in seconds).
INFO:Participant#7:Current transaction id is 11 with status BEGUN.
INFO:Participant#7:Sent PREPARE COMMIT 11 to coordinator.
INFO:Participant#7:COMMITTED 11 into database.
INFO:Participant#7:Sent DONE to coordinator.
