INFO:Participant#0:Recovering. 0 transactions read from log.
INFO:Participant#0:BEGAN new transaction 1.
INFO:Participant#0:EXECUTE (CREATE TABLE IF NOT EXISTS ThermometerObservation (
          id varchar(255) NOT NULL,
          temperature integer DEFAULT NULL,
          timeStamp timestamp NOT NULL,
          sensor_id varchar(255) DEFAULT NULL,
          PRIMARY KEY (id)
        )) for transaction 1 in database.
INFO:Participant#0:The request was sent by the client at 1745635139.851548. Done at 1745635139.854927. Total time = 0.0033791065216064453 (in seconds).
INFO:Participant#0:Current transaction id is 1 with status BEGUN.
INFO:Participant#0:Sent PREPARE COMMIT 1 to coordinator.
INFO:Participant#0:COMMITTED 1 into database.
INFO:Participant#0:Sent DONE to coordinator.
INFO:Participant#0:BEGAN new transaction 2.
INFO:Participant#0:EXECUTE (INSERT INTO thermometerobservation (id, temperature, timestamp, sensor_id) VALUES ('thermo_001', 22, '2025-04-20 10:15:00', 'sensor_a')) for transaction 2 in database.
INFO:Participant#0:The request was sent by the client at 1745635139.918771. Done at 1745635139.920323. Total time = 0.0015518665313720703 (in seconds).
INFO:Participant#0:Current transaction id is 2 with status BEGUN.
INFO:Participant#0:Sent PREPARE COMMIT 2 to coordinator.
INFO:Participant#0:COMMITTED 2 into database.
INFO:Participant#0:Sent DONE to coordinator.
INFO:Participant#0:BEGAN new transaction 3.
INFO:Participant#0:EXECUTE (INSERT INTO thermometerobservation (id, temperature, timestamp, sensor_id) VALUES ('thermo_002', 19, '2025-04-20 10:20:00', 'sensor_b')) for transaction 3 in database.
INFO:Participant#0:The request was sent by the client at 1745635140.952002. Done at 1745635140.953886. Total time = 0.0018839836120605469 (in seconds).
INFO:Participant#0:Current transaction id is 3 with status BEGUN.
INFO:Participant#0:Sent PREPARE COMMIT 3 to coordinator.
INFO:Participant#0:COMMITTED 3 into database.
INFO:Participant#0:Sent DONE to coordinator.
INFO:Participant#0:BEGAN new transaction 4.
INFO:Participant#0:EXECUTE (INSERT INTO thermometerobservation (id, temperature, timestamp, sensor_id) VALUES ('thermo_003', 25, '2025-04-20 10:25:00', 'sensor_c')) for transaction 4 in database.
INFO:Participant#0:The request was sent by the client at 1745635141.981763. Done at 1745635141.983895. Total time = 0.0021321773529052734 (in seconds).
INFO:Participant#0:Current transaction id is 4 with status BEGUN.
INFO:Participant#0:Sent PREPARE COMMIT 4 to coordinator.
INFO:Participant#0:COMMITTED 4 into database.
INFO:Participant#0:Sent DONE to coordinator.
INFO:Participant#0:BEGAN new transaction 5.
INFO:Participant#0:EXECUTE (INSERT INTO thermometerobservation (id, temperature, timestamp, sensor_id) VALUES ('thermo_004', 21, '2025-04-20 10:30:00', 'sensor_d')) for transaction 5 in database.
INFO:Participant#0:The request was sent by the client at 1745635143.012374. Done at 1745635143.01412. Total time = 0.0017461776733398438 (in seconds).
INFO:Participant#0:Current transaction id is 5 with status BEGUN.
INFO:Participant#0:Sent PREPARE COMMIT 5 to coordinator.
INFO:Participant#0:COMMITTED 5 into database.
INFO:Participant#0:Sent DONE to coordinator.
INFO:Participant#0:BEGAN new transaction 6.
INFO:Participant#0:EXECUTE (INSERT INTO thermometerobservation (id, temperature, timestamp, sensor_id) VALUES ('thermo_005', 18, '2025-04-20 10:35:00', 'sensor_e')) for transaction 6 in database.
INFO:Participant#0:The request was sent by the client at 1745635144.042234. Done at 1745635144.044035. Total time = 0.0018010139465332031 (in seconds).
INFO:Participant#0:Current transaction id is 6 with status BEGUN.
INFO:Participant#0:Sent PREPARE COMMIT 6 to coordinator.
INFO:Participant#0:COMMITTED 6 into database.
INFO:Participant#0:Sent DONE to coordinator.
INFO:Participant#0:BEGAN new transaction 7.
INFO:Participant#0:EXECUTE (INSERT INTO thermometerobservation (id, temperature, timestamp, sensor_id) VALUES ('thermo_006', 23, '2025-04-20 10:40:00', 'sensor_f')) for transaction 7 in database.
INFO:Participant#0:The request was sent by the client at 1745635145.073392. Done at 1745635145.075176. Total time = 0.0017840862274169922 (in seconds).
INFO:Participant#0:Current transaction id is 7 with status BEGUN.
INFO:Participant#0:Sent PREPARE COMMIT 7 to coordinator.
INFO:Participant#0:COMMITTED 7 into database.
INFO:Participant#0:Sent DONE to coordinator.
INFO:Participant#0:BEGAN new transaction 8.
INFO:Participant#0:EXECUTE (INSERT INTO thermometerobservation (id, temperature, timestamp, sensor_id) VALUES ('thermo_007', 20, '2025-04-20 10:45:00', 'sensor_g')) for transaction 8 in database.
INFO:Participant#0:The request was sent by the client at 1745635146.104541. Done at 1745635146.106558. Total time = 0.0020170211791992188 (in seconds).
INFO:Participant#0:Current transaction id is 8 with status BEGUN.
INFO:Participant#0:Sent PREPARE COMMIT 8 to coordinator.
INFO:Participant#0:COMMITTED 8 into database.
INFO:Participant#0:Sent DONE to coordinator.
INFO:Participant#0:BEGAN new transaction 9.
INFO:Participant#0:EXECUTE (INSERT INTO thermometerobservation (id, temperature, timestamp, sensor_id) VALUES ('thermo_008', 24, '2025-04-20 10:50:00', 'sensor_h')) for transaction 9 in database.
INFO:Participant#0:The request was sent by the client at 1745635147.138113. Done at 1745635147.140093. Total time = 0.0019800662994384766 (in seconds).
INFO:Participant#0:Current transaction id is 9 with status BEGUN.
INFO:Participant#0:Sent PREPARE COMMIT 9 to coordinator.
INFO:Participant#0:COMMITTED 9 into database.
INFO:Participant#0:Sent DONE to coordinator.
INFO:Participant#0:BEGAN new transaction 10.
INFO:Participant#0:EXECUTE (INSERT INTO thermometerobservation (id, temperature, timestamp, sensor_id) VALUES ('thermo_009', 26, '2025-04-20 10:55:00', 'sensor_i')) for transaction 10 in database.
INFO:Participant#0:The request was sent by the client at 1745635148.170935. Done at 1745635148.172947. Total time = 0.002012014389038086 (in seconds).
INFO:Participant#0:Current transaction id is 10 with status BEGUN.
INFO:Participant#0:Sent PREPARE COMMIT 10 to coordinator.
INFO:Participant#0:COMMITTED 10 into database.
INFO:Participant#0:Sent DONE to coordinator.
INFO:Participant#0:BEGAN new transaction 11.
INFO:Participant#0:EXECUTE (INSERT INTO thermometerobservation (id, temperature, timestamp, sensor_id) VALUES ('thermo_010', 17, '2025-04-20 11:00:00', 'sensor_j')) for transaction 11 in database.
INFO:Participant#0:The request was sent by the client at 1745635149.208286. Done at 1745635149.210076. Total time = 0.0017900466918945312 (in seconds).
INFO:Participant#0:Current transaction id is 11 with status BEGUN.
INFO:Participant#0:Sent PREPARE COMMIT 11 to coordinator.
INFO:Participant#0:COMMITTED 11 into database.
INFO:Participant#0:Sent DONE to coordinator.
