INFO:Participant#2:Recovering. 0 transactions read from log.
INFO:Participant#2:BEGAN new transaction 1.
INFO:Participant#2:EXECUTE (CREATE TABLE IF NOT EXISTS ThermometerObservation (
          id varchar(255) NOT NULL,
          temperature integer DEFAULT NULL,
          timeStamp timestamp NOT NULL,
          sensor_id varchar(255) DEFAULT NULL,
          PRIMARY KEY (id)
        )) for transaction 1 in database.
INFO:Participant#2:The request was sent by the client at 1745635139.859655. Done at 1745635139.862325. Total time = 0.0026700496673583984 (in seconds).
INFO:Participant#2:Current transaction id is 1 with status BEGUN.
INFO:Participant#2:Sent PREPARE COMMIT 1 to coordinator.
INFO:Participant#2:COMMITTED 1 into database.
INFO:Participant#2:Sent DONE to coordinator.
INFO:Participant#2:BEGAN new transaction 2.
INFO:Participant#2:EXECUTE (INSERT INTO thermometerobservation (id, temperature, timestamp, sensor_id) VALUES ('thermo_001', 22, '2025-04-20 10:15:00', 'sensor_a')) for transaction 2 in database.
INFO:Participant#2:The request was sent by the client at 1745635139.923142. Done at 1745635139.925631. Total time = 0.0024890899658203125 (in seconds).
INFO:Participant#2:Current transaction id is 2 with status BEGUN.
INFO:Participant#2:Sent PREPARE COMMIT 2 to coordinator.
INFO:Participant#2:COMMITTED 2 into database.
INFO:Participant#2:Sent DONE to coordinator.
INFO:Participant#2:BEGAN new transaction 3.
INFO:Participant#2:EXECUTE (INSERT INTO thermometerobservation (id, temperature, timestamp, sensor_id) VALUES ('thermo_002', 19, '2025-04-20 10:20:00', 'sensor_b')) for transaction 3 in database.
INFO:Participant#2:The request was sent by the client at 1745635140.956259. Done at 1745635140.957607. Total time = 0.0013480186462402344 (in seconds).
INFO:Participant#2:Current transaction id is 3 with status BEGUN.
INFO:Participant#2:Sent PREPARE COMMIT 3 to coordinator.
INFO:Participant#2:COMMITTED 3 into database.
INFO:Participant#2:Sent DONE to coordinator.
INFO:Participant#2:BEGAN new transaction 4.
INFO:Participant#2:EXECUTE (INSERT INTO thermometerobservation (id, temperature, timestamp, sensor_id) VALUES ('thermo_003', 25, '2025-04-20 10:25:00', 'sensor_c')) for transaction 4 in database.
INFO:Participant#2:The request was sent by the client at 1745635141.986326. Done at 1745635141.987662. Total time = 0.0013360977172851562 (in seconds).
INFO:Participant#2:Current transaction id is 4 with status BEGUN.
INFO:Participant#2:Sent PREPARE COMMIT 4 to coordinator.
INFO:Participant#2:COMMITTED 4 into database.
INFO:Participant#2:Sent DONE to coordinator.
INFO:Participant#2:BEGAN new transaction 5.
INFO:Participant#2:EXECUTE (INSERT INTO thermometerobservation (id, temperature, timestamp, sensor_id) VALUES ('thermo_004', 21, '2025-04-20 10:30:00', 'sensor_d')) for transaction 5 in database.
INFO:Participant#2:The request was sent by the client at 1745635143.016241. Done at 1745635143.017728. Total time = 0.0014870166778564453 (in seconds).
INFO:Participant#2:Current transaction id is 5 with status BEGUN.
INFO:Participant#2:Sent PREPARE COMMIT 5 to coordinator.
INFO:Participant#2:COMMITTED 5 into database.
INFO:Participant#2:Sent DONE to coordinator.
INFO:Participant#2:BEGAN new transaction 6.
INFO:Participant#2:EXECUTE (INSERT INTO thermometerobservation (id, temperature, timestamp, sensor_id) VALUES ('thermo_005', 18, '2025-04-20 10:35:00', 'sensor_e')) for transaction 6 in database.
INFO:Participant#2:The request was sent by the client at 1745635144.046393. Done at 1745635144.04768. Total time = 0.0012869834899902344 (in seconds).
INFO:Participant#2:Current transaction id is 6 with status BEGUN.
INFO:Participant#2:Sent PREPARE COMMIT 6 to coordinator.
INFO:Participant#2:COMMITTED 6 into database.
INFO:Participant#2:Sent DONE to coordinator.
INFO:Participant#2:BEGAN new transaction 7.
INFO:Participant#2:EXECUTE (INSERT INTO thermometerobservation (id, temperature, timestamp, sensor_id) VALUES ('thermo_006', 23, '2025-04-20 10:40:00', 'sensor_f')) for transaction 7 in database.
INFO:Participant#2:The request was sent by the client at 1745635145.07752. Done at 1745635145.078887. Total time = 0.0013670921325683594 (in seconds).
INFO:Participant#2:Current transaction id is 7 with status BEGUN.
INFO:Participant#2:Sent PREPARE COMMIT 7 to coordinator.
INFO:Participant#2:COMMITTED 7 into database.
INFO:Participant#2:Sent DONE to coordinator.
INFO:Participant#2:BEGAN new transaction 8.
INFO:Participant#2:EXECUTE (INSERT INTO thermometerobservation (id, temperature, timestamp, sensor_id) VALUES ('thermo_007', 20, '2025-04-20 10:45:00', 'sensor_g')) for transaction 8 in database.
INFO:Participant#2:The request was sent by the client at 1745635146.109019. Done at 1745635146.110429. Total time = 0.0014100074768066406 (in seconds).
INFO:Participant#2:Current transaction id is 8 with status BEGUN.
INFO:Participant#2:Sent PREPARE COMMIT 8 to coordinator.
INFO:Participant#2:COMMITTED 8 into database.
INFO:Participant#2:Sent DONE to coordinator.
INFO:Participant#2:BEGAN new transaction 9.
INFO:Participant#2:EXECUTE (INSERT INTO thermometerobservation (id, temperature, timestamp, sensor_id) VALUES ('thermo_008', 24, '2025-04-20 10:50:00', 'sensor_h')) for transaction 9 in database.
INFO:Participant#2:The request was sent by the client at 1745635147.142491. Done at 1745635147.143904. Total time = 0.0014128684997558594 (in seconds).
INFO:Participant#2:Current transaction id is 9 with status BEGUN.
INFO:Participant#2:Sent PREPARE COMMIT 9 to coordinator.
INFO:Participant#2:COMMITTED 9 into database.
INFO:Participant#2:Sent DONE to coordinator.
INFO:Participant#2:BEGAN new transaction 10.
INFO:Participant#2:EXECUTE (INSERT INTO thermometerobservation (id, temperature, timestamp, sensor_id) VALUES ('thermo_009', 26, '2025-04-20 10:55:00', 'sensor_i')) for transaction 10 in database.
INFO:Participant#2:The request was sent by the client at 1745635148.175149. Done at 1745635148.176619. Total time = 0.0014700889587402344 (in seconds).
INFO:Participant#2:Current transaction id is 10 with status BEGUN.
INFO:Participant#2:Sent PREPARE COMMIT 10 to coordinator.
INFO:Participant#2:COMMITTED 10 into database.
INFO:Participant#2:Sent DONE to coordinator.
INFO:Participant#2:BEGAN new transaction 11.
INFO:Participant#2:EXECUTE (INSERT INTO thermometerobservation (id, temperature, timestamp, sensor_id) VALUES ('thermo_010', 17, '2025-04-20 11:00:00', 'sensor_j')) for transaction 11 in database.
INFO:Participant#2:The request was sent by the client at 1745635149.212456. Done at 1745635149.213921. Total time = 0.0014650821685791016 (in seconds).
INFO:Participant#2:Current transaction id is 11 with status BEGUN.
INFO:Participant#2:Sent PREPARE COMMIT 11 to coordinator.
INFO:Participant#2:COMMITTED 11 into database.
INFO:Participant#2:Sent DONE to coordinator.
