INFO:Participant#9:Recovering. 0 transactions read from log.
INFO:Participant#9:BEGAN new transaction 1.
INFO:Participant#9:EXECUTE (CREATE TABLE IF NOT EXISTS ThermometerObservation (
          id varchar(255) NOT NULL,
          temperature integer DEFAULT NULL,
          timeStamp timestamp NOT NULL,
          sensor_id varchar(255) DEFAULT NULL,
          PRIMARY KEY (id)
        )) for transaction 1 in database.
INFO:Participant#9:The request was sent by the client at 1745635139.883274. Done at 1745635139.88705. Total time = 0.0037758350372314453 (in seconds).
INFO:Participant#9:Current transaction id is 1 with status BEGUN.
INFO:Participant#9:Sent PREPARE COMMIT 1 to coordinator.
INFO:Participant#9:COMMITTED 1 into database.
INFO:Participant#9:Sent DONE to coordinator.
INFO:Participant#9:BEGAN new transaction 2.
INFO:Participant#9:EXECUTE (INSERT INTO thermometerobservation (id, temperature, timestamp, sensor_id) VALUES ('thermo_001', 22, '2025-04-20 10:15:00', 'sensor_a')) for transaction 2 in database.
INFO:Participant#9:The request was sent by the client at 1745635139.93787. Done at 1745635139.939386. Total time = 0.0015158653259277344 (in seconds).
INFO:Participant#9:Current transaction id is 2 with status BEGUN.
INFO:Participant#9:Sent PREPARE COMMIT 2 to coordinator.
INFO:Participant#9:COMMITTED 2 into database.
INFO:Participant#9:Sent DONE to coordinator.
INFO:Participant#9:BEGAN new transaction 3.
INFO:Participant#9:EXECUTE (INSERT INTO thermometerobservation (id, temperature, timestamp, sensor_id) VALUES ('thermo_002', 19, '2025-04-20 10:20:00', 'sensor_b')) for transaction 3 in database.
INFO:Participant#9:The request was sent by the client at 1745635140.96848. Done at 1745635140.969901. Total time = 0.0014209747314453125 (in seconds).
INFO:Participant#9:Current transaction id is 3 with status BEGUN.
INFO:Participant#9:Sent PREPARE COMMIT 3 to coordinator.
INFO:Participant#9:COMMITTED 3 into database.
INFO:Participant#9:Sent DONE to coordinator.
INFO:Participant#9:BEGAN new transaction 4.
INFO:Participant#9:EXECUTE (INSERT INTO thermometerobservation (id, temperature, timestamp, sensor_id) VALUES ('thermo_003', 25, '2025-04-20 10:25:00', 'sensor_c')) for transaction 4 in database.
INFO:Participant#9:The request was sent by the client at 1745635141.998927. Done at 1745635142.00034. Total time = 0.0014128684997558594 (in seconds).
INFO:Participant#9:Current transaction id is 4 with status BEGUN.
INFO:Participant#9:Sent PREPARE COMMIT 4 to coordinator.
INFO:Participant#9:COMMITTED 4 into database.
INFO:Participant#9:Sent DONE to coordinator.
INFO:Participant#9:BEGAN new transaction 5.
INFO:Participant#9:EXECUTE (INSERT INTO thermometerobservation (id, temperature, timestamp, sensor_id) VALUES ('thermo_004', 21, '2025-04-20 10:30:00', 'sensor_d')) for transaction 5 in database.
INFO:Participant#9:The request was sent by the client at 1745635143.028544. Done at 1745635143.029862. Total time = 0.0013179779052734375 (in seconds).
INFO:Participant#9:Current transaction id is 5 with status BEGUN.
INFO:Participant#9:Sent PREPARE COMMIT 5 to coordinator.
INFO:Participant#9:COMMITTED 5 into database.
INFO:Participant#9:Sent DONE to coordinator.
INFO:Participant#9:BEGAN new transaction 6.
INFO:Participant#9:EXECUTE (INSERT INTO thermometerobservation (id, temperature, timestamp, sensor_id) VALUES ('thermo_005', 18, '2025-04-20 10:35:00', 'sensor_e')) for transaction 6 in database.
INFO:Participant#9:The request was sent by the client at 1745635144.05843. Done at 1745635144.05963. Total time = 0.001199960708618164 (in seconds).
INFO:Participant#9:Current transaction id is 6 with status BEGUN.
INFO:Participant#9:Sent PREPARE COMMIT 6 to coordinator.
INFO:Participant#9:COMMITTED 6 into database.
INFO:Participant#9:Sent DONE to coordinator.
INFO:Participant#9:BEGAN new transaction 7.
INFO:Participant#9:EXECUTE (INSERT INTO thermometerobservation (id, temperature, timestamp, sensor_id) VALUES ('thermo_006', 23, '2025-04-20 10:40:00', 'sensor_f')) for transaction 7 in database.
INFO:Participant#9:The request was sent by the client at 1745635145.089714. Done at 1745635145.091164. Total time = 0.0014500617980957031 (in seconds).
INFO:Participant#9:Current transaction id is 7 with status BEGUN.
INFO:Participant#9:Sent PREPARE COMMIT 7 to coordinator.
INFO:Participant#9:COMMITTED 7 into database.
INFO:Participant#9:Sent DONE to coordinator.
INFO:Participant#9:BEGAN new transaction 8.
INFO:Participant#9:EXECUTE (INSERT INTO thermometerobservation (id, temperature, timestamp, sensor_id) VALUES ('thermo_007', 20, '2025-04-20 10:45:00', 'sensor_g')) for transaction 8 in database.
INFO:Participant#9:The request was sent by the client at 1745635146.122006. Done at 1745635146.123538. Total time = 0.0015320777893066406 (in seconds).
INFO:Participant#9:Current transaction id is 8 with status BEGUN.
INFO:Participant#9:Sent PREPARE COMMIT 8 to coordinator.
INFO:Participant#9:COMMITTED 8 into database.
INFO:Participant#9:Sent DONE to coordinator.
INFO:Participant#9:BEGAN new transaction 9.
INFO:Participant#9:EXECUTE (INSERT INTO thermometerobservation (id, temperature, timestamp, sensor_id) VALUES ('thermo_008', 24, '2025-04-20 10:50:00', 'sensor_h')) for transaction 9 in database.
INFO:Participant#9:The request was sent by the client at 1745635147.155025. Done at 1745635147.156292. Total time = 0.0012669563293457031 (in seconds).
INFO:Participant#9:Current transaction id is 9 with status BEGUN.
INFO:Participant#9:Sent PREPARE COMMIT 9 to coordinator.
INFO:Participant#9:COMMITTED 9 into database.
INFO:Participant#9:Sent DONE to coordinator.
INFO:Participant#9:BEGAN new transaction 10.
INFO:Participant#9:EXECUTE (INSERT INTO thermometerobservation (id, temperature, timestamp, sensor_id) VALUES ('thermo_009', 26, '2025-04-20 10:55:00', 'sensor_i')) for transaction 10 in database.
INFO:Participant#9:The request was sent by the client at 1745635148.188028. Done at 1745635148.189378. Total time = 0.0013499259948730469 (in seconds).
INFO:Participant#9:Current transaction id is 10 with status BEGUN.
INFO:Participant#9:Sent PREPARE COMMIT 10 to coordinator.
INFO:Participant#9:COMMITTED 10 into database.
INFO:Participant#9:Sent DONE to coordinator.
INFO:Participant#9:BEGAN new transaction 11.
INFO:Participant#9:EXECUTE (INSERT INTO thermometerobservation (id, temperature, timestamp, sensor_id) VALUES ('thermo_010', 17, '2025-04-20 11:00:00', 'sensor_j')) for transaction 11 in database.
INFO:Participant#9:The request was sent by the client at 1745635149.224989. Done at 1745635149.226339. Total time = 0.0013501644134521484 (in seconds).
INFO:Participant#9:Current transaction id is 11 with status BEGUN.
INFO:Participant#9:Sent PREPARE COMMIT 11 to coordinator.
INFO:Participant#9:COMMITTED 11 into database.
INFO:Participant#9:Sent DONE to coordinator.
