INFO:Participant#8:Recovering. 0 transactions read from log.
INFO:Participant#8:BEGAN new transaction 1.
INFO:Participant#8:EXECUTE (CREATE TABLE IF NOT EXISTS ThermometerObservation (
          id varchar(255) NOT NULL,
          temperature integer DEFAULT NULL,
          timeStamp timestamp NOT NULL,
          sensor_id varchar(255) DEFAULT NULL,
          PRIMARY KEY (id)
        )) for transaction 1 in database.
INFO:Participant#8:The request was sent by the client at 1745635139.879445. Done at 1745635139.882615. Total time = 0.003170013427734375 (in seconds).
INFO:Participant#8:Current transaction id is 1 with status BEGUN.
INFO:Participant#8:Sent PREPARE COMMIT 1 to coordinator.
INFO:Participant#8:COMMITTED 1 into database.
INFO:Participant#8:Sent DONE to coordinator.
INFO:Participant#8:BEGAN new transaction 2.
INFO:Participant#8:EXECUTE (INSERT INTO thermometerobservation (id, temperature, timestamp, sensor_id) VALUES ('thermo_001', 22, '2025-04-20 10:15:00', 'sensor_a')) for transaction 2 in database.
INFO:Participant#8:The request was sent by the client at 1745635139.935923. Done at 1745635139.937514. Total time = 0.0015909671783447266 (in seconds).
INFO:Participant#8:Current transaction id is 2 with status BEGUN.
INFO:Participant#8:Sent PREPARE COMMIT 2 to coordinator.
INFO:Participant#8:COMMITTED 2 into database.
INFO:Participant#8:Sent DONE to coordinator.
INFO:Participant#8:BEGAN new transaction 3.
INFO:Participant#8:EXECUTE (INSERT INTO thermometerobservation (id, temperature, timestamp, sensor_id) VALUES ('thermo_002', 19, '2025-04-20 10:20:00', 'sensor_b')) for transaction 3 in database.
INFO:Participant#8:The request was sent by the client at 1745635140.966812. Done at 1745635140.968156. Total time = 0.0013442039489746094 (in seconds).
INFO:Participant#8:Current transaction id is 3 with status BEGUN.
INFO:Participant#8:Sent PREPARE COMMIT 3 to coordinator.
INFO:Participant#8:COMMITTED 3 into database.
INFO:Participant#8:Sent DONE to coordinator.
INFO:Participant#8:BEGAN new transaction 4.
INFO:Participant#8:EXECUTE (INSERT INTO thermometerobservation (id, temperature, timestamp, sensor_id) VALUES ('thermo_003', 25, '2025-04-20 10:25:00', 'sensor_c')) for transaction 4 in database.
INFO:Participant#8:The request was sent by the client at 1745635141.997229. Done at 1745635141.998595. Total time = 0.0013659000396728516 (in seconds).
INFO:Participant#8:Current transaction id is 4 with status BEGUN.
INFO:Participant#8:Sent PREPARE COMMIT 4 to coordinator.
INFO:Participant#8:COMMITTED 4 into database.
INFO:Participant#8:Sent DONE to coordinator.
INFO:Participant#8:BEGAN new transaction 5.
INFO:Participant#8:EXECUTE (INSERT INTO thermometerobservation (id, temperature, timestamp, sensor_id) VALUES ('thermo_004', 21, '2025-04-20 10:30:00', 'sensor_d')) for transaction 5 in database.
INFO:Participant#8:The request was sent by the client at 1745635143.026833. Done at 1745635143.02818. Total time = 0.0013468265533447266 (in seconds).
INFO:Participant#8:Current transaction id is 5 with status BEGUN.
INFO:Participant#8:Sent PREPARE COMMIT 5 to coordinator.
INFO:Participant#8:COMMITTED 5 into database.
INFO:Participant#8:Sent DONE to coordinator.
INFO:Participant#8:BEGAN new transaction 6.
INFO:Participant#8:EXECUTE (INSERT INTO thermometerobservation (id, temperature, timestamp, sensor_id) VALUES ('thermo_005', 18, '2025-04-20 10:35:00', 'sensor_e')) for transaction 6 in database.
INFO:Participant#8:The request was sent by the client at 1745635144.056779. Done at 1745635144.058027. Total time = 0.0012481212615966797 (in seconds).
INFO:Participant#8:Current transaction id is 6 with status BEGUN.
INFO:Participant#8:Sent PREPARE COMMIT 6 to coordinator.
INFO:Participant#8:COMMITTED 6 into database.
INFO:Participant#8:Sent DONE to coordinator.
INFO:Participant#8:BEGAN new transaction 7.
INFO:Participant#8:EXECUTE (INSERT INTO thermometerobservation (id, temperature, timestamp, sensor_id) VALUES ('thermo_006', 23, '2025-04-20 10:40:00', 'sensor_f')) for transaction 7 in database.
INFO:Participant#8:The request was sent by the client at 1745635145.087969. Done at 1745635145.089372. Total time = 0.0014028549194335938 (in seconds).
INFO:Participant#8:Current transaction id is 7 with status BEGUN.
INFO:Participant#8:Sent PREPARE COMMIT 7 to coordinator.
INFO:Participant#8:COMMITTED 7 into database.
INFO:Participant#8:Sent DONE to coordinator.
INFO:Participant#8:BEGAN new transaction 8.
INFO:Participant#8:EXECUTE (INSERT INTO thermometerobservation (id, temperature, timestamp, sensor_id) VALUES ('thermo_007', 20, '2025-04-20 10:45:00', 'sensor_g')) for transaction 8 in database.
INFO:Participant#8:The request was sent by the client at 1745635146.120142. Done at 1745635146.121639. Total time = 0.001497030258178711 (in seconds).
INFO:Participant#8:Current transaction id is 8 with status BEGUN.
INFO:Participant#8:Sent PREPARE COMMIT 8 to coordinator.
INFO:Participant#8:COMMITTED 8 into database.
INFO:Participant#8:Sent DONE to coordinator.
INFO:Participant#8:BEGAN new transaction 9.
INFO:Participant#8:EXECUTE (INSERT INTO thermometerobservation (id, temperature, timestamp, sensor_id) VALUES ('thermo_008', 24, '2025-04-20 10:50:00', 'sensor_h')) for transaction 9 in database.
INFO:Participant#8:The request was sent by the client at 1745635147.153277. Done at 1745635147.154538. Total time = 0.001260995864868164 (in seconds).
INFO:Participant#8:Current transaction id is 9 with status BEGUN.
INFO:Participant#8:Sent PREPARE COMMIT 9 to coordinator.
INFO:Participant#8:COMMITTED 9 into database.
INFO:Participant#8:Sent DONE to coordinator.
INFO:Participant#8:BEGAN new transaction 10.
INFO:Participant#8:EXECUTE (INSERT INTO thermometerobservation (id, temperature, timestamp, sensor_id) VALUES ('thermo_009', 26, '2025-04-20 10:55:00', 'sensor_i')) for transaction 10 in database.
INFO:Participant#8:The request was sent by the client at 1745635148.186022. Done at 1745635148.187569. Total time = 0.0015468597412109375 (in seconds).
INFO:Participant#8:Current transaction id is 10 with status BEGUN.
INFO:Participant#8:Sent PREPARE COMMIT 10 to coordinator.
INFO:Participant#8:COMMITTED 10 into database.
INFO:Participant#8:Sent DONE to coordinator.
INFO:Participant#8:BEGAN new transaction 11.
INFO:Participant#8:EXECUTE (INSERT INTO thermometerobservation (id, temperature, timestamp, sensor_id) VALUES ('thermo_010', 17, '2025-04-20 11:00:00', 'sensor_j')) for transaction 11 in database.
INFO:Participant#8:The request was sent by the client at 1745635149.223284. Done at 1745635149.224625. Total time = 0.001341104507446289 (in seconds).
INFO:Participant#8:Current transaction id is 11 with status BEGUN.
INFO:Participant#8:Sent PREPARE COMMIT 11 to coordinator.
INFO:Participant#8:COMMITTED 11 into database.
INFO:Participant#8:Sent DONE to coordinator.
